[0.007s] Invoking command in '/root/slam/slam/osm/osm-nav/build/osm_nav': CMAKE_PREFIX_PATH=/root/slam/slam/osm/osm-nav/install/osm_nav_interface:/root/slam/slam/osm/osm-nav/install/osm_nav:/opt/ros/humble CONDA_PROMPT_MODIFIER=(openalt) /usr/bin/cmake --build /root/slam/slam/osm/osm-nav/build/osm_nav -- -j12 -l12
[0.037s] [35m[1mConsolidate compiler generated dependencies of target osm_navigation[0m
[0.050s] [ 33%] [32mBuilding CXX object CMakeFiles/osm_navigation.dir/osm/osm_parser.cpp.o[0m
[0.050s] [ 66%] [32mBuilding CXX object CMakeFiles/osm_navigation.dir/app/osm_node.cpp.o[0m
[1.877s] In file included from [01m[K/root/slam/slam/osm/osm-nav/src/osm_navigation/app/osm_node.cpp:13[m[K:
[1.877s] [01m[K/root/slam/slam/osm/osm-nav/src/osm_navigation/./include/osm/osm_parser.hpp:[m[K In lambda function:
[1.877s] [01m[K/root/slam/slam/osm/osm-nav/src/osm_navigation/./include/osm/osm_parser.hpp:352:22:[m[K [01;31m[Kerror: [m[Kâ€˜[01m[Kstruct std::pair<const long int, osm_nav::TmpNode>[m[Kâ€™ has no member named â€˜[01m[Kcost[m[Kâ€™
[1.877s]   352 |                 if(n.[01;31m[Kcost[m[K < min){
[1.877s]       |                      [01;31m[K^~~~[m[K
[1.877s] [01m[K/root/slam/slam/osm/osm-nav/src/osm_navigation/./include/osm/osm_parser.hpp:353:29:[m[K [01;31m[Kerror: [m[Kâ€˜[01m[Kstruct std::pair<const long int, osm_nav::TmpNode>[m[Kâ€™ has no member named â€˜[01m[Kcost[m[Kâ€™
[1.877s]   353 |                     min = n.[01;31m[Kcost[m[K;
[1.877s]       |                             [01;31m[K^~~~[m[K
[1.879s] [01m[K/root/slam/slam/osm/osm-nav/src/osm_navigation/./include/osm/osm_parser.hpp:354:27:[m[K [01;31m[Kerror: [m[Kno match for â€˜[01m[Koperator=[m[Kâ€™ (operand types are â€˜[01m[Kosm_nav::TmpNode_t[m[Kâ€™ {aka â€˜[01m[Kosm_nav::TmpNode[m[Kâ€™} and â€˜[01m[Kstd::pair<const long int, osm_nav::TmpNode>[m[Kâ€™)
[1.879s]   354 |                     ret = [01;31m[Kn[m[K;
[1.879s]       |                           [01;31m[K^[m[K
[1.879s] In file included from [01m[K/root/slam/slam/osm/osm-nav/src/osm_navigation/app/osm_node.cpp:13[m[K:
[1.879s] [01m[K/root/slam/slam/osm/osm-nav/src/osm_navigation/./include/osm/osm_parser.hpp:58:16:[m[K [01;36m[Knote: [m[Kcandidate: â€˜[01m[Kconstexpr osm_nav::TmpNode& osm_nav::TmpNode::operator=(const osm_nav::TmpNode&)[m[Kâ€™
[1.879s]    58 | typedef struct [01;36m[KTmpNode[m[K{
[1.879s]       |                [01;36m[K^~~~~~~[m[K
[1.879s] [01m[K/root/slam/slam/osm/osm-nav/src/osm_navigation/./include/osm/osm_parser.hpp:58:16:[m[K [01;36m[Knote: [m[K  no known conversion for argument 1 from â€˜[01m[Kstd::pair<const long int, osm_nav::TmpNode>[m[Kâ€™ to â€˜[01m[Kconst osm_nav::TmpNode&[m[Kâ€™
[1.879s] [01m[K/root/slam/slam/osm/osm-nav/src/osm_navigation/./include/osm/osm_parser.hpp:58:16:[m[K [01;36m[Knote: [m[Kcandidate: â€˜[01m[Kconstexpr osm_nav::TmpNode& osm_nav::TmpNode::operator=(osm_nav::TmpNode&&)[m[Kâ€™
[1.879s] [01m[K/root/slam/slam/osm/osm-nav/src/osm_navigation/./include/osm/osm_parser.hpp:58:16:[m[K [01;36m[Knote: [m[K  no known conversion for argument 1 from â€˜[01m[Kstd::pair<const long int, osm_nav::TmpNode>[m[Kâ€™ to â€˜[01m[Kosm_nav::TmpNode&&[m[Kâ€™
[1.889s] In file included from [01m[K/root/slam/slam/osm/osm-nav/src/osm_navigation/app/osm_node.cpp:13[m[K:
[1.889s] [01m[K/root/slam/slam/osm/osm-nav/src/osm_navigation/./include/osm/osm_parser.hpp:[m[K In member function â€˜[01m[Kvoid osm_nav::OsmParser::planner_request_cb(osm_nav_interface::srv::Planner_Request_<std::allocator<void> >::SharedPtr, osm_nav_interface::srv::Planner_Response_<std::allocator<void> >::SharedPtr)[m[Kâ€™:
[1.889s] [01m[K/root/slam/slam/osm/osm-nav/src/osm_navigation/./include/osm/osm_parser.hpp:371:39:[m[K [01;31m[Kerror: [m[Kâ€˜[01m[Kcost_now[m[Kâ€™ was not declared in this scope
[1.889s]   371 |                 double tmp = n.cost + [01;31m[Kcost_now[m[K + distance_in_two_node(n.id, end1);
[1.889s]       |                                       [01;31m[K^~~~~~~~[m[K
[1.911s] In file included from [01m[K/root/slam/slam/osm/osm-nav/src/osm_navigation/osm/osm_parser.cpp:1[m[K:
[1.911s] [01m[K/root/slam/slam/osm/osm-nav/src/osm_navigation/./include/osm/osm_parser.hpp:[m[K In lambda function:
[1.911s] [01m[K/root/slam/slam/osm/osm-nav/src/osm_navigation/./include/osm/osm_parser.hpp:352:22:[m[K [01;31m[Kerror: [m[Kâ€˜[01m[Kstruct std::pair<const long int, osm_nav::TmpNode>[m[Kâ€™ has no member named â€˜[01m[Kcost[m[Kâ€™
[1.911s]   352 |                 if(n.[01;31m[Kcost[m[K < min){
[1.911s]       |                      [01;31m[K^~~~[m[K
[1.911s] [01m[K/root/slam/slam/osm/osm-nav/src/osm_navigation/./include/osm/osm_parser.hpp:353:29:[m[K [01;31m[Kerror: [m[Kâ€˜[01m[Kstruct std::pair<const long int, osm_nav::TmpNode>[m[Kâ€™ has no member named â€˜[01m[Kcost[m[Kâ€™
[1.911s]   353 |                     min = n.[01;31m[Kcost[m[K;
[1.911s]       |                             [01;31m[K^~~~[m[K
[1.911s] [01m[K/root/slam/slam/osm/osm-nav/src/osm_navigation/./include/osm/osm_parser.hpp:354:27:[m[K [01;31m[Kerror: [m[Kno match for â€˜[01m[Koperator=[m[Kâ€™ (operand types are â€˜[01m[Kosm_nav::TmpNode_t[m[Kâ€™ {aka â€˜[01m[Kosm_nav::TmpNode[m[Kâ€™} and â€˜[01m[Kstd::pair<const long int, osm_nav::TmpNode>[m[Kâ€™)
[1.911s]   354 |                     ret = [01;31m[Kn[m[K;
[1.911s]       |                           [01;31m[K^[m[K
[1.911s] In file included from [01m[K/root/slam/slam/osm/osm-nav/src/osm_navigation/osm/osm_parser.cpp:1[m[K:
[1.911s] [01m[K/root/slam/slam/osm/osm-nav/src/osm_navigation/./include/osm/osm_parser.hpp:58:16:[m[K [01;36m[Knote: [m[Kcandidate: â€˜[01m[Kconstexpr osm_nav::TmpNode& osm_nav::TmpNode::operator=(const osm_nav::TmpNode&)[m[Kâ€™
[1.911s]    58 | typedef struct [01;36m[KTmpNode[m[K{
[1.911s]       |                [01;36m[K^~~~~~~[m[K
[1.911s] [01m[K/root/slam/slam/osm/osm-nav/src/osm_navigation/./include/osm/osm_parser.hpp:58:16:[m[K [01;36m[Knote: [m[K  no known conversion for argument 1 from â€˜[01m[Kstd::pair<const long int, osm_nav::TmpNode>[m[Kâ€™ to â€˜[01m[Kconst osm_nav::TmpNode&[m[Kâ€™
[1.911s] [01m[K/root/slam/slam/osm/osm-nav/src/osm_navigation/./include/osm/osm_parser.hpp:58:16:[m[K [01;36m[Knote: [m[Kcandidate: â€˜[01m[Kconstexpr osm_nav::TmpNode& osm_nav::TmpNode::operator=(osm_nav::TmpNode&&)[m[Kâ€™
[1.911s] [01m[K/root/slam/slam/osm/osm-nav/src/osm_navigation/./include/osm/osm_parser.hpp:58:16:[m[K [01;36m[Knote: [m[K  no known conversion for argument 1 from â€˜[01m[Kstd::pair<const long int, osm_nav::TmpNode>[m[Kâ€™ to â€˜[01m[Kosm_nav::TmpNode&&[m[Kâ€™
[1.920s] In file included from [01m[K/root/slam/slam/osm/osm-nav/src/osm_navigation/osm/osm_parser.cpp:1[m[K:
[1.920s] [01m[K/root/slam/slam/osm/osm-nav/src/osm_navigation/./include/osm/osm_parser.hpp:[m[K In member function â€˜[01m[Kvoid osm_nav::OsmParser::planner_request_cb(osm_nav_interface::srv::Planner_Request_<std::allocator<void> >::SharedPtr, osm_nav_interface::srv::Planner_Response_<std::allocator<void> >::SharedPtr)[m[Kâ€™:
[1.920s] [01m[K/root/slam/slam/osm/osm-nav/src/osm_navigation/./include/osm/osm_parser.hpp:371:39:[m[K [01;31m[Kerror: [m[Kâ€˜[01m[Kcost_now[m[Kâ€™ was not declared in this scope
[1.920s]   371 |                 double tmp = n.cost + [01;31m[Kcost_now[m[K + distance_in_two_node(n.id, end1);
[1.920s]       |                                       [01;31m[K^~~~~~~~[m[K
[3.197s] gmake[2]: *** [CMakeFiles/osm_navigation.dir/build.make:76: CMakeFiles/osm_navigation.dir/osm/osm_parser.cpp.o] Error 1
[3.197s] gmake[2]: *** Waiting for unfinished jobs....
[3.296s] gmake[2]: *** [CMakeFiles/osm_navigation.dir/build.make:90: CMakeFiles/osm_navigation.dir/app/osm_node.cpp.o] Error 1
[3.296s] gmake[1]: *** [CMakeFiles/Makefile2:137: CMakeFiles/osm_navigation.dir/all] Error 2
[3.296s] gmake: *** [Makefile:146: all] Error 2
[3.297s] Invoked command in '/root/slam/slam/osm/osm-nav/build/osm_nav' returned '2': CMAKE_PREFIX_PATH=/root/slam/slam/osm/osm-nav/install/osm_nav_interface:/root/slam/slam/osm/osm-nav/install/osm_nav:/opt/ros/humble CONDA_PROMPT_MODIFIER=(openalt) /usr/bin/cmake --build /root/slam/slam/osm/osm-nav/build/osm_nav -- -j12 -l12
