[0.006s] Invoking command in '/root/slam/slam/osm/osm-nav/build/osm_nav': CMAKE_PREFIX_PATH=/root/slam/slam/osm/osm-nav/install/osm_nav_interface:/root/slam/slam/osm/osm-nav/install/osm_nav:/opt/ros/humble CONDA_PROMPT_MODIFIER=(openalt) /usr/bin/cmake --build /root/slam/slam/osm/osm-nav/build/osm_nav -- -j12 -l12
[0.036s] [35m[1mConsolidate compiler generated dependencies of target osm_navigation[0m
[0.048s] [ 33%] [32mBuilding CXX object CMakeFiles/osm_navigation.dir/osm/osm_parser.cpp.o[0m
[0.048s] [ 66%] [32mBuilding CXX object CMakeFiles/osm_navigation.dir/app/osm_node.cpp.o[0m
[1.820s] In file included from [01m[K/root/slam/slam/osm/osm-nav/src/osm_navigation/app/osm_node.cpp:13[m[K:
[1.820s] [01m[K/root/slam/slam/osm/osm-nav/src/osm_navigation/./include/osm/osm_parser.hpp:[m[K In member function â€˜[01m[Kvoid osm_nav::OsmParser::planner_request_cb(osm_nav_interface::srv::Planner_Request_<std::allocator<void> >::SharedPtr, osm_nav_interface::srv::Planner_Response_<std::allocator<void> >::SharedPtr)[m[Kâ€™:
[1.820s] [01m[K/root/slam/slam/osm/osm-nav/src/osm_navigation/./include/osm/osm_parser.hpp:347:24:[m[K [01;31m[Kerror: [m[Kâ€˜[01m[Kd[m[Kâ€™ was not declared in this scope
[1.820s]   347 |         observed_nodes[[01;31m[Kd[m[K]
[1.820s]       |                        [01;31m[K^[m[K
[1.831s] [01m[K/root/slam/slam/osm/osm-nav/src/osm_navigation/./include/osm/osm_parser.hpp:363:19:[m[K [01;31m[Kerror: [m[Kâ€˜[01m[Kf_min[m[Kâ€™ was not declared in this scope; did you mean â€˜[01m[Kfmin[m[Kâ€™?
[1.831s]   363 |         current = [01;31m[Kf_min[m[K();
[1.831s]       |                   [01;31m[K^~~~~[m[K
[1.831s]       |                   [32m[Kfmin[m[K
[1.836s] [01m[K/root/slam/slam/osm/osm-nav/src/osm_navigation/./include/osm/osm_parser.hpp:371:39:[m[K [01;31m[Kerror: [m[Kâ€˜[01m[Kcost_now[m[Kâ€™ was not declared in this scope
[1.836s]   371 |                 double tmp = n.cost + [01;31m[Kcost_now[m[K + distance_in_two_node(n.id, end1);
[1.836s]       |                                       [01;31m[K^~~~~~~~[m[K
[1.855s] In file included from [01m[K/root/slam/slam/osm/osm-nav/src/osm_navigation/osm/osm_parser.cpp:1[m[K:
[1.855s] [01m[K/root/slam/slam/osm/osm-nav/src/osm_navigation/./include/osm/osm_parser.hpp:[m[K In member function â€˜[01m[Kvoid osm_nav::OsmParser::planner_request_cb(osm_nav_interface::srv::Planner_Request_<std::allocator<void> >::SharedPtr, osm_nav_interface::srv::Planner_Response_<std::allocator<void> >::SharedPtr)[m[Kâ€™:
[1.856s] [01m[K/root/slam/slam/osm/osm-nav/src/osm_navigation/./include/osm/osm_parser.hpp:347:24:[m[K [01;31m[Kerror: [m[Kâ€˜[01m[Kd[m[Kâ€™ was not declared in this scope
[1.856s]   347 |         observed_nodes[[01;31m[Kd[m[K]
[1.856s]       |                        [01;31m[K^[m[K
[1.863s] [01m[K/root/slam/slam/osm/osm-nav/src/osm_navigation/./include/osm/osm_parser.hpp:363:19:[m[K [01;31m[Kerror: [m[Kâ€˜[01m[Kf_min[m[Kâ€™ was not declared in this scope; did you mean â€˜[01m[Kfmin[m[Kâ€™?
[1.863s]   363 |         current = [01;31m[Kf_min[m[K();
[1.863s]       |                   [01;31m[K^~~~~[m[K
[1.863s]       |                   [32m[Kfmin[m[K
[1.868s] [01m[K/root/slam/slam/osm/osm-nav/src/osm_navigation/./include/osm/osm_parser.hpp:371:39:[m[K [01;31m[Kerror: [m[Kâ€˜[01m[Kcost_now[m[Kâ€™ was not declared in this scope
[1.868s]   371 |                 double tmp = n.cost + [01;31m[Kcost_now[m[K + distance_in_two_node(n.id, end1);
[1.868s]       |                                       [01;31m[K^~~~~~~~[m[K
[3.167s] gmake[2]: *** [CMakeFiles/osm_navigation.dir/build.make:76: CMakeFiles/osm_navigation.dir/osm/osm_parser.cpp.o] Error 1
[3.167s] gmake[2]: *** Waiting for unfinished jobs....
[3.245s] gmake[2]: *** [CMakeFiles/osm_navigation.dir/build.make:90: CMakeFiles/osm_navigation.dir/app/osm_node.cpp.o] Error 1
[3.245s] gmake[1]: *** [CMakeFiles/Makefile2:137: CMakeFiles/osm_navigation.dir/all] Error 2
[3.245s] gmake: *** [Makefile:146: all] Error 2
[3.246s] Invoked command in '/root/slam/slam/osm/osm-nav/build/osm_nav' returned '2': CMAKE_PREFIX_PATH=/root/slam/slam/osm/osm-nav/install/osm_nav_interface:/root/slam/slam/osm/osm-nav/install/osm_nav:/opt/ros/humble CONDA_PROMPT_MODIFIER=(openalt) /usr/bin/cmake --build /root/slam/slam/osm/osm-nav/build/osm_nav -- -j12 -l12
