[0.006s] Invoking command in '/root/slam/slam/osm/osm-nav/build/osm_nav': CMAKE_PREFIX_PATH=/root/slam/slam/osm/osm-nav/install/osm_nav_interface:/root/slam/slam/osm/osm-nav/install/osm_nav:/opt/ros/humble CONDA_PROMPT_MODIFIER=(openalt) /usr/bin/cmake --build /root/slam/slam/osm/osm-nav/build/osm_nav -- -j12 -l12
[0.033s] [35m[1mConsolidate compiler generated dependencies of target osm_navigation[0m
[0.047s] [ 33%] [32mBuilding CXX object CMakeFiles/osm_navigation.dir/osm/osm_parser.cpp.o[0m
[0.048s] [ 66%] [32mBuilding CXX object CMakeFiles/osm_navigation.dir/app/osm_node.cpp.o[0m
[1.686s] In file included from [01m[K/root/slam/slam/osm/osm-nav/src/osm_navigation/osm/osm_parser.cpp:1[m[K:
[1.686s] [01m[K/root/slam/slam/osm/osm-nav/src/osm_navigation/./include/osm/osm_parser.hpp:69:1:[m[K [01;31m[Kerror: [m[Kexpected initializer before â€˜[01m[KEnu_t[m[Kâ€™
[1.686s]    69 | [01;31m[KEnu_t[m[K gnss2enu(double lon,double lat, double alt);
[1.686s]       | [01;31m[K^~~~~[m[K
[1.708s] In file included from [01m[K/root/slam/slam/osm/osm-nav/src/osm_navigation/app/osm_node.cpp:13[m[K:
[1.708s] [01m[K/root/slam/slam/osm/osm-nav/src/osm_navigation/./include/osm/osm_parser.hpp:69:1:[m[K [01;31m[Kerror: [m[Kexpected initializer before â€˜[01m[KEnu_t[m[Kâ€™
[1.708s]    69 | [01;31m[KEnu_t[m[K gnss2enu(double lon,double lat, double alt);
[1.708s]       | [01;31m[K^~~~~[m[K
[1.753s] In file included from [01m[K/root/slam/slam/osm/osm-nav/src/osm_navigation/osm/osm_parser.cpp:1[m[K:
[1.753s] [01m[K/root/slam/slam/osm/osm-nav/src/osm_navigation/./include/osm/osm_parser.hpp:[m[K In member function â€˜[01m[Kvoid osm_nav::OsmParser::planner_request_cb(osm_nav_interface::srv::Planner_Request_<std::allocator<void> >::SharedPtr, osm_nav_interface::srv::Planner_Response_<std::allocator<void> >::SharedPtr)[m[Kâ€™:
[1.753s] [01m[K/root/slam/slam/osm/osm-nav/src/osm_navigation/./include/osm/osm_parser.hpp:349:9:[m[K [01;31m[Kerror: [m[Kâ€˜[01m[KPath_t[m[Kâ€™ was not declared in this scope; did you mean â€˜[01m[KPath[m[Kâ€™?
[1.753s]   349 |         [01;31m[KPath_t[m[K path;
[1.753s]       |         [01;31m[K^~~~~~[m[K
[1.753s]       |         [32m[KPath[m[K
[1.763s] [01m[K/root/slam/slam/osm/osm-nav/src/osm_navigation/./include/osm/osm_parser.hpp:396:17:[m[K [01;31m[Kerror: [m[Kâ€˜[01m[Kpath_node[m[Kâ€™ was not declared in this scope
[1.763s]   396 |                 [01;31m[Kpath_node[m[K.push_back(current);
[1.763s]       |                 [01;31m[K^~~~~~~~~[m[K
[1.769s] [01m[K/root/slam/slam/osm/osm-nav/src/osm_navigation/./include/osm/osm_parser.hpp:[m[K In member function â€˜[01m[Kvoid osm_nav::OsmParser::visualiz_way()[m[Kâ€™:
[1.769s] [01m[K/root/slam/slam/osm/osm-nav/src/osm_navigation/./include/osm/osm_parser.hpp:447:29:[m[K [01;31m[Kerror: [m[Kâ€˜[01m[Kgnss2enu[m[Kâ€™ was not declared in this scope
[1.769s]   447 |                 Enu_t enu = [01;31m[Kgnss2enu[m[K((*node_in_way_map)[node_id].lon - 117.2, (*node_in_way_map)[node_id].lat - 31.7, 0);
[1.769s]       |                             [01;31m[K^~~~~~~~[m[K
[1.774s] [01m[K/root/slam/slam/osm/osm-nav/src/osm_navigation/./include/osm/osm_parser.hpp:[m[K In member function â€˜[01m[Kvoid osm_nav::OsmParser::visualiz_node()[m[Kâ€™:
[1.774s] [01m[K/root/slam/slam/osm/osm-nav/src/osm_navigation/./include/osm/osm_parser.hpp:476:25:[m[K [01;31m[Kerror: [m[Kâ€˜[01m[Kgnss2enu[m[Kâ€™ was not declared in this scope
[1.774s]   476 |             Enu_t enu = [01;31m[Kgnss2enu[m[K(node.second.lon - 117.2, node.second.lat - 31.7, 0);
[1.774s]       |                         [01;31m[K^~~~~~~~[m[K
[1.775s] In file included from [01m[K/root/slam/slam/osm/osm-nav/src/osm_navigation/app/osm_node.cpp:13[m[K:
[1.775s] [01m[K/root/slam/slam/osm/osm-nav/src/osm_navigation/./include/osm/osm_parser.hpp:[m[K In member function â€˜[01m[Kvoid osm_nav::OsmParser::planner_request_cb(osm_nav_interface::srv::Planner_Request_<std::allocator<void> >::SharedPtr, osm_nav_interface::srv::Planner_Response_<std::allocator<void> >::SharedPtr)[m[Kâ€™:
[1.775s] [01m[K/root/slam/slam/osm/osm-nav/src/osm_navigation/./include/osm/osm_parser.hpp:349:9:[m[K [01;31m[Kerror: [m[Kâ€˜[01m[KPath_t[m[Kâ€™ was not declared in this scope; did you mean â€˜[01m[KPath[m[Kâ€™?
[1.775s]   349 |         [01;31m[KPath_t[m[K path;
[1.775s]       |         [01;31m[K^~~~~~[m[K
[1.775s]       |         [32m[KPath[m[K
[1.779s] [01m[K/root/slam/slam/osm/osm-nav/src/osm_navigation/./include/osm/osm_parser.hpp:[m[K In member function â€˜[01m[Kdouble osm_nav::OsmParser::distance_in_two_node(osmium::object_id_type, osmium::object_id_type)[m[Kâ€™:
[1.779s] [01m[K/root/slam/slam/osm/osm-nav/src/osm_navigation/./include/osm/osm_parser.hpp:496:22:[m[K [01;31m[Kerror: [m[Kâ€˜[01m[Kgnss2enu[m[Kâ€™ was not declared in this scope
[1.779s]   496 |         Enu_t enu1 = [01;31m[Kgnss2enu[m[K((*node_in_way_map)[n1].lon, (*node_in_way_map)[n1].lat, 0);
[1.779s]       |                      [01;31m[K^~~~~~~~[m[K
[1.783s] [01m[K/root/slam/slam/osm/osm-nav/src/osm_navigation/./include/osm/osm_parser.hpp:[m[K In member function â€˜[01m[Kdouble osm_nav::OsmParser::distance_in_two_node(double, double, double, double)[m[Kâ€™:
[1.783s] [01m[K/root/slam/slam/osm/osm-nav/src/osm_navigation/./include/osm/osm_parser.hpp:503:22:[m[K [01;31m[Kerror: [m[Kâ€˜[01m[Kgnss2enu[m[Kâ€™ was not declared in this scope
[1.783s]   503 |         Enu_t enu1 = [01;31m[Kgnss2enu[m[K(lon1, lat1, 0);
[1.783s]       |                      [01;31m[K^~~~~~~~[m[K
[1.785s] [01m[K/root/slam/slam/osm/osm-nav/src/osm_navigation/./include/osm/osm_parser.hpp:396:17:[m[K [01;31m[Kerror: [m[Kâ€˜[01m[Kpath_node[m[Kâ€™ was not declared in this scope
[1.785s]   396 |                 [01;31m[Kpath_node[m[K.push_back(current);
[1.785s]       |                 [01;31m[K^~~~~~~~~[m[K
[1.791s] [01m[K/root/slam/slam/osm/osm-nav/src/osm_navigation/./include/osm/osm_parser.hpp:[m[K In member function â€˜[01m[Kvoid osm_nav::OsmParser::visualiz_way()[m[Kâ€™:
[1.791s] [01m[K/root/slam/slam/osm/osm-nav/src/osm_navigation/./include/osm/osm_parser.hpp:447:29:[m[K [01;31m[Kerror: [m[Kâ€˜[01m[Kgnss2enu[m[Kâ€™ was not declared in this scope
[1.791s]   447 |                 Enu_t enu = [01;31m[Kgnss2enu[m[K((*node_in_way_map)[node_id].lon - 117.2, (*node_in_way_map)[node_id].lat - 31.7, 0);
[1.791s]       |                             [01;31m[K^~~~~~~~[m[K
[1.796s] [01m[K/root/slam/slam/osm/osm-nav/src/osm_navigation/./include/osm/osm_parser.hpp:[m[K In member function â€˜[01m[Kvoid osm_nav::OsmParser::visualiz_node()[m[Kâ€™:
[1.796s] [01m[K/root/slam/slam/osm/osm-nav/src/osm_navigation/./include/osm/osm_parser.hpp:476:25:[m[K [01;31m[Kerror: [m[Kâ€˜[01m[Kgnss2enu[m[Kâ€™ was not declared in this scope
[1.796s]   476 |             Enu_t enu = [01;31m[Kgnss2enu[m[K(node.second.lon - 117.2, node.second.lat - 31.7, 0);
[1.796s]       |                         [01;31m[K^~~~~~~~[m[K
[1.802s] [01m[K/root/slam/slam/osm/osm-nav/src/osm_navigation/./include/osm/osm_parser.hpp:[m[K In member function â€˜[01m[Kdouble osm_nav::OsmParser::distance_in_two_node(osmium::object_id_type, osmium::object_id_type)[m[Kâ€™:
[1.802s] [01m[K/root/slam/slam/osm/osm-nav/src/osm_navigation/./include/osm/osm_parser.hpp:496:22:[m[K [01;31m[Kerror: [m[Kâ€˜[01m[Kgnss2enu[m[Kâ€™ was not declared in this scope
[1.802s]   496 |         Enu_t enu1 = [01;31m[Kgnss2enu[m[K((*node_in_way_map)[n1].lon, (*node_in_way_map)[n1].lat, 0);
[1.802s]       |                      [01;31m[K^~~~~~~~[m[K
[1.802s] [01m[K/root/slam/slam/osm/osm-nav/src/osm_navigation/./include/osm/osm_parser.hpp:[m[K In member function â€˜[01m[Kvoid osm_nav::OsmParser::visualiz_nav_node()[m[Kâ€™:
[1.802s] [01m[K/root/slam/slam/osm/osm-nav/src/osm_navigation/./include/osm/osm_parser.hpp:590:25:[m[K [01;31m[Kerror: [m[Kâ€˜[01m[Kgnss2enu[m[Kâ€™ was not declared in this scope
[1.802s]   590 |             Enu_t enu = [01;31m[Kgnss2enu[m[K(node.lon - 117.2, node.lat - 31.7, 0);
[1.802s]       |                         [01;31m[K^~~~~~~~[m[K
[1.806s] [01m[K/root/slam/slam/osm/osm-nav/src/osm_navigation/./include/osm/osm_parser.hpp:[m[K In member function â€˜[01m[Kdouble osm_nav::OsmParser::distance_in_two_node(double, double, double, double)[m[Kâ€™:
[1.806s] [01m[K/root/slam/slam/osm/osm-nav/src/osm_navigation/./include/osm/osm_parser.hpp:503:22:[m[K [01;31m[Kerror: [m[Kâ€˜[01m[Kgnss2enu[m[Kâ€™ was not declared in this scope
[1.806s]   503 |         Enu_t enu1 = [01;31m[Kgnss2enu[m[K(lon1, lat1, 0);
[1.806s]       |                      [01;31m[K^~~~~~~~[m[K
[1.825s] [01m[K/root/slam/slam/osm/osm-nav/src/osm_navigation/./include/osm/osm_parser.hpp:[m[K In member function â€˜[01m[Kvoid osm_nav::OsmParser::visualiz_nav_node()[m[Kâ€™:
[1.825s] [01m[K/root/slam/slam/osm/osm-nav/src/osm_navigation/./include/osm/osm_parser.hpp:590:25:[m[K [01;31m[Kerror: [m[Kâ€˜[01m[Kgnss2enu[m[Kâ€™ was not declared in this scope
[1.825s]   590 |             Enu_t enu = [01;31m[Kgnss2enu[m[K(node.lon - 117.2, node.lat - 31.7, 0);
[1.825s]       |                         [01;31m[K^~~~~~~~[m[K
[3.104s] gmake[2]: *** [CMakeFiles/osm_navigation.dir/build.make:76: CMakeFiles/osm_navigation.dir/osm/osm_parser.cpp.o] Error 1
[3.104s] gmake[2]: *** Waiting for unfinished jobs....
[3.286s] gmake[2]: *** [CMakeFiles/osm_navigation.dir/build.make:90: CMakeFiles/osm_navigation.dir/app/osm_node.cpp.o] Error 1
[3.286s] gmake[1]: *** [CMakeFiles/Makefile2:137: CMakeFiles/osm_navigation.dir/all] Error 2
[3.286s] gmake: *** [Makefile:146: all] Error 2
[3.288s] Invoked command in '/root/slam/slam/osm/osm-nav/build/osm_nav' returned '2': CMAKE_PREFIX_PATH=/root/slam/slam/osm/osm-nav/install/osm_nav_interface:/root/slam/slam/osm/osm-nav/install/osm_nav:/opt/ros/humble CONDA_PROMPT_MODIFIER=(openalt) /usr/bin/cmake --build /root/slam/slam/osm/osm-nav/build/osm_nav -- -j12 -l12
